Watching for file changes with StatReloader
[29/May/2025 23:32:42] "GET /health/ HTTP/1.1" 200 88
[29/May/2025 23:32:42] "GET /health/ HTTP/1.1" 200 88
[29/May/2025 23:32:51] "GET /health/ HTTP/1.1" 200 88
Unauthorized: /api/v1/documents/search/
[29/May/2025 23:33:15] "GET /api/v1/documents/search/?q=Employee+handbook+policies&limit=10 HTTP/1.1" 401 58
[29/May/2025 23:33:35] "OPTIONS /api/v1/accounts/auth/login/ HTTP/1.1" 200 0
[29/May/2025 23:33:35] "POST /api/v1/accounts/auth/login/ HTTP/1.1" 200 898
[29/May/2025 23:33:49] "GET /health/ HTTP/1.1" 200 88
/Users/ahmadbilal/Documents/Projects/Cusa Project /department-portal/backend/portal_backend/settings.py changed, reloading.
Performing system checks...

System check identified no issues (0 silenced).
May 29, 2025 - 23:32:38
Django version 4.2.21, using settings 'portal_backend.settings'
Starting development server at http://127.0.0.1:8000/
Quit the server with CONTROL-C.

Watching for file changes with StatReloader
/Users/ahmadbilal/Documents/Projects/Cusa Project /department-portal/backend/portal_backend/settings.py changed, reloading.
Performing system checks...

System check identified no issues (0 silenced).
May 29, 2025 - 23:35:15
Django version 4.2.21, using settings 'portal_backend.settings'
Starting development server at http://127.0.0.1:8000/
Quit the server with CONTROL-C.

Watching for file changes with StatReloader
[29/May/2025 23:35:40] "OPTIONS /api/v1/documents/search/?q=Artificial+Intelligence+Implementation+Guide&limit=10 HTTP/1.1" 200 0
Vector search failed, falling back to text search: 'VectorService' object has no attribute 'semantic_search'
[29/May/2025 23:35:40] "GET /api/v1/documents/search/?q=Artificial+Intelligence+Implementation+Guide&limit=10 HTTP/1.1" 200 969
[29/May/2025 23:36:04] "OPTIONS /api/v1/documents/search/?q=Database+Security+Best+Practices&limit=10 HTTP/1.1" 200 0
Vector search failed, falling back to text search: 'VectorService' object has no attribute 'semantic_search'
[29/May/2025 23:36:04] "GET /api/v1/documents/search/?q=Database+Security+Best+Practices&limit=10 HTTP/1.1" 200 907
[29/May/2025 23:36:15] "OPTIONS /api/v1/accounts/auth/logout/ HTTP/1.1" 200 0
Bad Request: /api/v1/accounts/auth/logout/
[29/May/2025 23:36:15] "POST /api/v1/accounts/auth/logout/ HTTP/1.1" 400 25
Unauthorized: /api/v1/documents/search/
[29/May/2025 23:36:20] "GET /api/v1/documents/search/?q=Database+Security+Best+Practices&limit=10 HTTP/1.1" 401 58
Unauthorized: /api/v1/documents/search/
[29/May/2025 23:37:08] "GET /api/v1/documents/search/?q=Database+Security+Best+Practices&limit=10 HTTP/1.1" 401 58
[29/May/2025 23:37:25] "POST /api/v1/accounts/auth/login/ HTTP/1.1" 200 898
Vector search failed, falling back to text search: 'VectorService' object has no attribute 'semantic_search'
[29/May/2025 23:37:31] "GET /api/v1/documents/search/?q=Database+Security+Best+Practices&limit=10 HTTP/1.1" 200 907
Bad Request: /api/v1/accounts/auth/logout/
[29/May/2025 23:37:42] "POST /api/v1/accounts/auth/logout/ HTTP/1.1" 400 25
[29/May/2025 23:37:58] "GET /admin/ HTTP/1.1" 302 0
[29/May/2025 23:37:58] "GET /admin/login/?next=/admin/ HTTP/1.1" 200 4178
[29/May/2025 23:37:58] "GET /static/admin/img/icon-changelink.svg HTTP/1.1" 304 0
[29/May/2025 23:37:58] "GET /static/admin/css/dashboard.css HTTP/1.1" 304 0
[29/May/2025 23:37:59] "GET /static/admin/css/base.css HTTP/1.1" 304 0
[29/May/2025 23:37:59] "GET /static/admin/css/dark_mode.css HTTP/1.1" 304 0
[29/May/2025 23:37:59] "GET /static/admin/js/theme.js HTTP/1.1" 304 0
[29/May/2025 23:37:59] "GET /static/admin/css/nav_sidebar.css HTTP/1.1" 304 0
[29/May/2025 23:37:59] "GET /static/admin/js/nav_sidebar.js HTTP/1.1" 304 0
[29/May/2025 23:37:59] "GET /static/admin/css/login.css HTTP/1.1" 304 0
[29/May/2025 23:37:59] "GET /static/admin/css/responsive.css HTTP/1.1" 304 0
[29/May/2025 23:38:04] "POST /admin/login/?next=/admin/ HTTP/1.1" 200 4336
Not Found: /apple-touch-icon-precomposed.png
[29/May/2025 23:38:04] "GET /apple-touch-icon-precomposed.png HTTP/1.1" 404 3037
Not Found: /apple-touch-icon.png
[29/May/2025 23:38:04] "GET /apple-touch-icon.png HTTP/1.1" 404 3001
[29/May/2025 23:38:24] "POST /admin/login/?next=/admin/ HTTP/1.1" 200 4336
